L 1 "..\..\..\Platform\Common\Cortex-M3\STM32F2xx\STM32F2xx_Drv\STM32F2xx_StdPeriph_Driver\src\stm32f2xx_hash_sha1.c"
N/**
N  ******************************************************************************
N  * @file    stm32f2xx_hash_sha1.c
N  * @author  MCD Application Team
N  * @version V1.1.2
N  * @date    05-March-2012 
N  * @brief   This file provides high level functions to compute the HASH SHA1 and
N  *          HMAC SHA1 Digest of an input message.
N  *          It uses the stm32f2xx_hash.c/.h drivers to access the STM32F2xx HASH
N  *          peripheral.
N  *
N  *  @verbatim
N  * 
N  *          ===================================================================
N  *                                   How to use this driver
N  *          ===================================================================
N  *          1. Enable The HASH controller clock using 
N  *            RCC_AHB2PeriphClockCmd(RCC_AHB2Periph_HASH, ENABLE); function.
N  *
N  *          2. Calculate the HASH SHA1 Digest using HASH_SHA1() function.
N  *
N  *          3. Calculate the HMAC SHA1 Digest using HMAC_SHA1() function.
N  *
N  *  @endverbatim
N  *
N  ******************************************************************************
N  * @attention
N  *
N  * <h2><center>&copy; COPYRIGHT 2012 STMicroelectronics</center></h2>
N  *
N  * Licensed under MCD-ST Liberty SW License Agreement V2, (the "License");
N  * You may not use this file except in compliance with the License.
N  * You may obtain a copy of the License at:
N  *
N  *        http://www.st.com/software_license_agreement_liberty_v2
N  *
N  * Unless required by applicable law or agreed to in writing, software 
N  * distributed under the License is distributed on an "AS IS" BASIS, 
N  * WITHOUT WARRANTIES OR CONDITIONS OF ANY KIND, either express or implied.
N  * See the License for the specific language governing permissions and
N  * limitations under the License.
N  *
N  ******************************************************************************
N  */
N
N/* Includes ------------------------------------------------------------------*/
C "..\..\..\Platform\Common\Cortex-M3\STM32F2xx\STM32F2xx_Drv\STM32F2xx_StdPeriph_Driver\src\stm32f2xx_hash_sha1.c" 47 28 cannot open source input file "stm32f2xx_hash.h": No such file or directory
N#include "stm32f2xx_hash.h"
