L 1 "..\..\..\Platform\Common\Cortex-M3\STM32F2xx\STM32F2xx_Drv\STM32F2xx_StdPeriph_Driver\src\stm32f2xx_cryp_des.c"
N/**
N  ******************************************************************************
N  * @file    stm32f2xx_cryp_des.c
N  * @author  MCD Application Team
N  * @version V1.1.2
N  * @date    05-March-2012 
N  * @brief   This file provides high level functions to encrypt and decrypt an 
N  *          input message using DES in ECB/CBC modes.
N  *          It uses the stm32f2xx_cryp.c/.h drivers to access the STM32F2xx CRYP
N  *          peripheral.
N  *
N  *  @verbatim
N  *
N  *          ===================================================================
N  *                                   How to use this driver
N  *          ===================================================================
N  *          1. Enable The CRYP controller clock using 
N  *            RCC_AHB2PeriphClockCmd(RCC_AHB2Periph_CRYP, ENABLE); function.
N  *
N  *          2. Encrypt and decrypt using DES in ECB Mode using CRYP_DES_ECB()
N  *             function.
N  *
N  *          3. Encrypt and decrypt using DES in CBC Mode using CRYP_DES_CBC()
N  *             function.
N  *
N  *  @endverbatim
N  *
N  ******************************************************************************
N  * @attention
N  *
N  * <h2><center>&copy; COPYRIGHT 2012 STMicroelectronics</center></h2>
N  *
N  * Licensed under MCD-ST Liberty SW License Agreement V2, (the "License");
N  * You may not use this file except in compliance with the License.
N  * You may obtain a copy of the License at:
N  *
N  *        http://www.st.com/software_license_agreement_liberty_v2
N  *
N  * Unless required by applicable law or agreed to in writing, software 
N  * distributed under the License is distributed on an "AS IS" BASIS, 
N  * WITHOUT WARRANTIES OR CONDITIONS OF ANY KIND, either express or implied.
N  * See the License for the specific language governing permissions and
N  * limitations under the License.
N  *
N  ******************************************************************************
N  */
N
N/* Includes ------------------------------------------------------------------*/
C "..\..\..\Platform\Common\Cortex-M3\STM32F2xx\STM32F2xx_Drv\STM32F2xx_StdPeriph_Driver\src\stm32f2xx_cryp_des.c" 49 28 cannot open source input file "stm32f2xx_cryp.h": No such file or directory
N#include "stm32f2xx_cryp.h"
